2025-11-20 19:49:17,952 - mmdet - INFO - Environment info:
------------------------------------------------------------
sys.platform: linux
Python: 3.8.20 | packaged by conda-forge | (default, Sep 30 2024, 17:52:49) [GCC 13.3.0]
CUDA available: True
GPU 0: NVIDIA RTX A6000
CUDA_HOME: /usr/local/cuda
NVCC: Build cuda_12.6.r12.6/compiler.34714021_0
GCC: gcc (Ubuntu 13.3.0-6ubuntu2~24.04) 13.3.0
PyTorch: 1.7.1+cu110
PyTorch compiling details: PyTorch built with:
  - GCC 7.3
  - C++ Version: 201402
  - Intel(R) Math Kernel Library Version 2020.0.0 Product Build 20191122 for Intel(R) 64 architecture applications
  - Intel(R) MKL-DNN v1.6.0 (Git Hash 5ef631a030a6f73131c77892041042805a06064f)
  - OpenMP 201511 (a.k.a. OpenMP 4.5)
  - NNPACK is enabled
  - CPU capability usage: AVX2
  - CUDA Runtime 11.0
  - NVCC architecture flags: -gencode;arch=compute_37,code=sm_37;-gencode;arch=compute_50,code=sm_50;-gencode;arch=compute_60,code=sm_60;-gencode;arch=compute_70,code=sm_70;-gencode;arch=compute_75,code=sm_75;-gencode;arch=compute_80,code=sm_80
  - CuDNN 8.0.5
  - Magma 2.5.2
  - Build settings: BLAS=MKL, BUILD_TYPE=Release, CXX_FLAGS= -Wno-deprecated -fvisibility-inlines-hidden -DUSE_PTHREADPOOL -fopenmp -DNDEBUG -DUSE_FBGEMM -DUSE_QNNPACK -DUSE_PYTORCH_QNNPACK -DUSE_XNNPACK -DUSE_VULKAN_WRAPPER -O2 -fPIC -Wno-narrowing -Wall -Wextra -Werror=return-type -Wno-missing-field-initializers -Wno-type-limits -Wno-array-bounds -Wno-unknown-pragmas -Wno-sign-compare -Wno-unused-parameter -Wno-unused-variable -Wno-unused-function -Wno-unused-result -Wno-unused-local-typedefs -Wno-strict-overflow -Wno-strict-aliasing -Wno-error=deprecated-declarations -Wno-stringop-overflow -Wno-psabi -Wno-error=pedantic -Wno-error=redundant-decls -Wno-error=old-style-cast -fdiagnostics-color=always -faligned-new -Wno-unused-but-set-variable -Wno-maybe-uninitialized -fno-math-errno -fno-trapping-math -Werror=format -Wno-stringop-overflow, PERF_WITH_AVX=1, PERF_WITH_AVX2=1, PERF_WITH_AVX512=1, USE_CUDA=ON, USE_EXCEPTION_PTR=1, USE_GFLAGS=OFF, USE_GLOG=OFF, USE_MKL=ON, USE_MKLDNN=ON, USE_MPI=OFF, USE_NCCL=ON, USE_NNPACK=ON, USE_OPENMP=ON, 

TorchVision: 0.8.2+cu110
OpenCV: 4.10.0
MMCV: 1.2.7
MMCV Compiler: GCC 7.3
MMCV CUDA Compiler: 11.0
MMDetection: 2.8.0+cf5622a
------------------------------------------------------------

2025-11-20 19:49:18,438 - mmdet - INFO - Distributed training: False
2025-11-20 19:49:18,908 - mmdet - INFO - Config:
model = dict(
    type='FasterRCNN',
    pretrained=None,
    backbone=dict(
        type='ResNet',
        depth=50,
        num_stages=4,
        out_indices=(0, 1, 2, 3),
        frozen_stages=1,
        norm_cfg=dict(type='BN', requires_grad=True),
        norm_eval=True,
        style='pytorch'),
    neck=dict(
        type='FPN',
        in_channels=[256, 512, 1024, 2048],
        out_channels=256,
        num_outs=5),
    rpn_head=dict(
        type='RPNHead',
        in_channels=256,
        feat_channels=256,
        anchor_generator=dict(
            type='AnchorGenerator',
            scales=[8],
            ratios=[0.5, 1.0, 2.0],
            strides=[4, 8, 16, 32, 64]),
        bbox_coder=dict(
            type='DeltaXYWHBBoxCoder',
            target_means=[0.0, 0.0, 0.0, 0.0],
            target_stds=[1.0, 1.0, 1.0, 1.0]),
        loss_cls=dict(
            type='CrossEntropyLoss', use_sigmoid=True, loss_weight=1.0),
        loss_bbox=dict(type='L1Loss', loss_weight=1.0)),
    roi_head=dict(
        type='StandardRoIHead',
        bbox_roi_extractor=dict(
            type='SingleRoIExtractor',
            roi_layer=dict(type='RoIAlign', output_size=7, sampling_ratio=0),
            out_channels=256,
            featmap_strides=[4, 8, 16, 32]),
        bbox_head=dict(
            type='Shared2FCBBoxHead',
            in_channels=256,
            fc_out_channels=1024,
            roi_feat_size=7,
            num_classes=1,
            bbox_coder=dict(
                type='DeltaXYWHBBoxCoder',
                target_means=[0.0, 0.0, 0.0, 0.0],
                target_stds=[0.1, 0.1, 0.2, 0.2]),
            reg_class_agnostic=False,
            loss_cls=dict(
                type='CrossEntropyLoss', use_sigmoid=False, loss_weight=1.0),
            loss_bbox=dict(type='L1Loss', loss_weight=1.0))))
train_cfg = dict(
    rpn=dict(
        assigner=dict(
            type='MaxIoUAssigner',
            pos_iou_thr=0.7,
            neg_iou_thr=0.3,
            min_pos_iou=0.3,
            match_low_quality=True,
            ignore_iof_thr=-1),
        sampler=dict(
            type='RandomSampler',
            num=256,
            pos_fraction=0.5,
            neg_pos_ub=-1,
            add_gt_as_proposals=False),
        allowed_border=-1,
        pos_weight=-1,
        debug=False),
    rpn_proposal=dict(
        nms_across_levels=False,
        nms_pre=2000,
        nms_post=1000,
        max_num=1000,
        nms_thr=0.7,
        min_bbox_size=0),
    rcnn=dict(
        assigner=dict(
            type='MaxIoUAssigner',
            pos_iou_thr=0.5,
            neg_iou_thr=0.5,
            min_pos_iou=0.5,
            match_low_quality=True,
            ignore_iof_thr=-1),
        sampler=dict(
            type='RandomSampler',
            num=512,
            pos_fraction=0.25,
            neg_pos_ub=-1,
            add_gt_as_proposals=True),
        pos_weight=-1,
        debug=False))
test_cfg = dict(
    rpn=dict(
        nms_across_levels=False,
        nms_pre=1000,
        nms_post=1000,
        max_num=1000,
        nms_thr=0.7,
        min_bbox_size=0),
    rcnn=dict(
        score_thr=0.05,
        nms=dict(type='nms', iou_threshold=0.5),
        max_per_img=100))
data_root = '/data/sundeep/Point-Beyond-Class/data/RSNA/gt_and_pseudo/'
Class = ('pneumonia', )
img_norm_cfg = dict(
    mean=[123.675, 116.28, 103.53], std=[58.395, 57.12, 57.375], to_rgb=True)
train_pipeline = [
    dict(type='LoadImageFromFile'),
    dict(type='LoadAnnotations', with_bbox=True),
    dict(type='Resize', img_scale=(512, 512), keep_ratio=False),
    dict(type='RandomFlip', flip_ratio=0.5),
    dict(
        type='Normalize',
        mean=[123.675, 116.28, 103.53],
        std=[58.395, 57.12, 57.375],
        to_rgb=True),
    dict(type='Pad', size_divisor=32),
    dict(type='DefaultFormatBundle'),
    dict(type='Collect', keys=['img', 'gt_bboxes', 'gt_labels'])
]
test_pipeline = [
    dict(type='LoadImageFromFile'),
    dict(
        type='MultiScaleFlipAug',
        img_scale=(512, 512),
        flip=False,
        transforms=[
            dict(type='Resize', keep_ratio=False),
            dict(type='RandomFlip'),
            dict(
                type='Normalize',
                mean=[123.675, 116.28, 103.53],
                std=[58.395, 57.12, 57.375],
                to_rgb=True),
            dict(type='Pad', size_divisor=32),
            dict(type='ImageToTensor', keys=['img']),
            dict(type='Collect', keys=['img'])
        ])
]
data = dict(
    samples_per_gpu=16,
    workers_per_gpu=16,
    train=dict(
        type='CocoDataset',
        ann_file=
        '/data/sundeep/Point-Beyond-Class/data/RSNA/gt_and_pseudo/train_LableBox_PseudoBox__exp4_stage1_data20p_1pts_Erase20_jit005_unlabelLossL2Loss50_Load2ptsconsPth.json',
        img_prefix='/data/sundeep/Point-Beyond-Class/data/RSNA/RSNA_jpg/',
        classes=('pneumonia', ),
        pipeline=[
            dict(type='LoadImageFromFile'),
            dict(type='LoadAnnotations', with_bbox=True),
            dict(type='Resize', img_scale=(512, 512), keep_ratio=False),
            dict(type='RandomFlip', flip_ratio=0.5),
            dict(
                type='Normalize',
                mean=[123.675, 116.28, 103.53],
                std=[58.395, 57.12, 57.375],
                to_rgb=True),
            dict(type='Pad', size_divisor=32),
            dict(type='DefaultFormatBundle'),
            dict(type='Collect', keys=['img', 'gt_bboxes', 'gt_labels'])
        ]),
    val=dict(
        type='CocoDataset',
        ann_file=
        '/data/sundeep/Point-Beyond-Class/data/RSNA/cocoAnn/instances_val.json',
        img_prefix='/data/sundeep/Point-Beyond-Class/data/RSNA/RSNA_jpg/',
        classes=('pneumonia', ),
        pipeline=[
            dict(type='LoadImageFromFile'),
            dict(
                type='MultiScaleFlipAug',
                img_scale=(512, 512),
                flip=False,
                transforms=[
                    dict(type='Resize', keep_ratio=False),
                    dict(type='RandomFlip'),
                    dict(
                        type='Normalize',
                        mean=[123.675, 116.28, 103.53],
                        std=[58.395, 57.12, 57.375],
                        to_rgb=True),
                    dict(type='Pad', size_divisor=32),
                    dict(type='ImageToTensor', keys=['img']),
                    dict(type='Collect', keys=['img'])
                ])
        ]),
    test=dict(
        type='CocoDataset',
        ann_file=
        '/data/sundeep/Point-Beyond-Class/data/RSNA/cocoAnn/instances_val.json',
        img_prefix='/data/sundeep/Point-Beyond-Class/data/RSNA/RSNA_jpg/',
        classes=('pneumonia', ),
        pipeline=[
            dict(type='LoadImageFromFile'),
            dict(
                type='MultiScaleFlipAug',
                img_scale=(512, 512),
                flip=False,
                transforms=[
                    dict(type='Resize', keep_ratio=False),
                    dict(type='RandomFlip'),
                    dict(
                        type='Normalize',
                        mean=[123.675, 116.28, 103.53],
                        std=[58.395, 57.12, 57.375],
                        to_rgb=True),
                    dict(type='Pad', size_divisor=32),
                    dict(type='ImageToTensor', keys=['img']),
                    dict(type='Collect', keys=['img'])
                ])
        ]))
evaluation = dict(interval=1, metric='bbox')
optimizer = dict(type='SGD', lr=0.5, momentum=0.9, weight_decay=0.0001)
optimizer_config = dict(grad_clip=None)
lr_config = dict(
    policy='step',
    warmup='linear',
    warmup_iters=500,
    warmup_ratio=0.001,
    step=[8, 11])
runner = dict(type='EpochBasedRunner', max_epochs=12)
total_epochs = 12
checkpoint_config = dict(interval=1)
log_config = dict(interval=50, hooks=[dict(type='TextLoggerHook')])
custom_hooks = []
dist_params = dict(backend='nccl')
log_level = 'INFO'
load_from = None
resume_from = None
workflow = [('train', 1)]
work_dir = '/data/sundeep/Point-Beyond-Class/Output/models/mmdet-RSNA/exp2_faster512noBB_20p__train_LableBox_PseudoBox__exp4_stage1_data20p_1pts_Erase20_jit005_unlabelLossL2Loss50_Load2ptsconsPth200_lr05'
gpu_ids = range(0, 1)

2025-11-20 19:49:18,908 - mmdet - INFO - Set random seed to 42, deterministic: True
2025-11-20 19:49:22,142 - mmdet - INFO - Start running, host: sundeep@skanda, work_dir: /data/sundeep/Point-Beyond-Class/Output/models/mmdet-RSNA/exp2_faster512noBB_20p__train_LableBox_PseudoBox__exp4_stage1_data20p_1pts_Erase20_jit005_unlabelLossL2Loss50_Load2ptsconsPth200_lr05
2025-11-20 19:49:22,143 - mmdet - INFO - workflow: [('train', 1)], max: 12 epochs
2025-11-20 19:49:54,762 - mmdet - INFO - Epoch [1][50/301]	lr: 4.945e-02, eta: 0:38:37, time: 0.651, data_time: 0.078, memory: 6421, loss_rpn_cls: 0.2661, loss_rpn_bbox: 0.0113, loss_cls: 0.1720, acc: 97.7939, loss_bbox: 0.0792, loss: 0.5286
2025-11-20 19:50:24,768 - mmdet - INFO - Epoch [1][100/301]	lr: 9.940e-02, eta: 0:36:36, time: 0.600, data_time: 0.017, memory: 6421, loss_rpn_cls: 0.0513, loss_rpn_bbox: 0.0099, loss_cls: 0.1107, acc: 96.6572, loss_bbox: 0.1202, loss: 0.2921
2025-11-20 19:50:55,235 - mmdet - INFO - Epoch [1][150/301]	lr: 1.494e-01, eta: 0:35:46, time: 0.609, data_time: 0.017, memory: 6431, loss_rpn_cls: 0.0441, loss_rpn_bbox: 0.0100, loss_cls: 0.1110, acc: 96.4988, loss_bbox: 0.1226, loss: 0.2875
2025-11-20 19:51:26,454 - mmdet - INFO - Epoch [1][200/301]	lr: 1.993e-01, eta: 0:35:19, time: 0.624, data_time: 0.017, memory: 6431, loss_rpn_cls: 0.0415, loss_rpn_bbox: 0.0100, loss_cls: 0.1221, acc: 96.1909, loss_bbox: 0.1340, loss: 0.3076
2025-11-20 19:51:58,092 - mmdet - INFO - Epoch [1][250/301]	lr: 2.493e-01, eta: 0:34:55, time: 0.633, data_time: 0.017, memory: 6431, loss_rpn_cls: 0.0395, loss_rpn_bbox: 0.0098, loss_cls: 0.1173, acc: 96.1609, loss_bbox: 0.1330, loss: 0.2995
2025-11-20 19:52:30,084 - mmdet - INFO - Epoch [1][300/301]	lr: 2.992e-01, eta: 0:34:33, time: 0.640, data_time: 0.016, memory: 6431, loss_rpn_cls: 0.0425, loss_rpn_bbox: 0.0111, loss_cls: 0.1184, acc: 96.1726, loss_bbox: 0.1358, loss: 0.3077
2025-11-20 19:52:30,762 - mmdet - INFO - Saving checkpoint at 1 epochs
2025-11-20 19:53:01,539 - mmdet - INFO - Evaluating bbox...
2025-11-20 19:53:03,513 - mmdet - INFO - Exp name: faster_RSNA.py
2025-11-20 19:53:03,514 - mmdet - INFO - Epoch(val) [1][301]	bbox_mAP: 0.0280, bbox_mAP_50: 0.1270, bbox_mAP_75: 0.0010, bbox_mAP_s: -1.0000, bbox_mAP_m: 0.0000, bbox_mAP_l: 0.0280, bbox_mAP_copypaste: 0.028 0.127 0.001 -1.000 0.000 0.028
2025-11-20 19:53:38,910 - mmdet - INFO - Epoch [2][50/301]	lr: 3.501e-01, eta: 0:34:33, time: 0.706, data_time: 0.079, memory: 6431, loss_rpn_cls: 0.0379, loss_rpn_bbox: 0.0099, loss_cls: 0.1275, acc: 95.7087, loss_bbox: 0.1466, loss: 0.3218
2025-11-20 19:54:11,233 - mmdet - INFO - Epoch [2][100/301]	lr: 4.001e-01, eta: 0:34:05, time: 0.646, data_time: 0.017, memory: 6431, loss_rpn_cls: 0.0375, loss_rpn_bbox: 0.0099, loss_cls: 0.1250, acc: 95.8213, loss_bbox: 0.1470, loss: 0.3194
2025-11-20 19:54:43,620 - mmdet - INFO - Epoch [2][150/301]	lr: 4.501e-01, eta: 0:33:37, time: 0.648, data_time: 0.017, memory: 6431, loss_rpn_cls: 0.0352, loss_rpn_bbox: 0.0104, loss_cls: 0.1338, acc: 95.4883, loss_bbox: 0.1585, loss: 0.3379
2025-11-20 19:55:16,314 - mmdet - INFO - Epoch [2][200/301]	lr: 5.000e-01, eta: 0:33:10, time: 0.654, data_time: 0.017, memory: 6431, loss_rpn_cls: 0.0373, loss_rpn_bbox: 0.0100, loss_cls: 0.1295, acc: 95.6433, loss_bbox: 0.1529, loss: 0.3297
2025-11-20 19:55:48,890 - mmdet - INFO - Epoch [2][250/301]	lr: 5.000e-01, eta: 0:32:41, time: 0.651, data_time: 0.017, memory: 6431, loss_rpn_cls: 0.0350, loss_rpn_bbox: 0.0102, loss_cls: 0.1304, acc: 95.5325, loss_bbox: 0.1558, loss: 0.3315
2025-11-20 19:56:21,518 - mmdet - INFO - Epoch [2][300/301]	lr: 5.000e-01, eta: 0:32:12, time: 0.653, data_time: 0.017, memory: 6431, loss_rpn_cls: 0.0341, loss_rpn_bbox: 0.0099, loss_cls: 0.1261, acc: 95.6912, loss_bbox: 0.1506, loss: 0.3207
2025-11-20 19:56:22,193 - mmdet - INFO - Saving checkpoint at 2 epochs
2025-11-20 19:56:53,454 - mmdet - INFO - Evaluating bbox...
2025-11-20 19:56:56,544 - mmdet - INFO - Exp name: faster_RSNA.py
2025-11-20 19:56:56,544 - mmdet - INFO - Epoch(val) [2][301]	bbox_mAP: 0.0380, bbox_mAP_50: 0.1780, bbox_mAP_75: 0.0020, bbox_mAP_s: -1.0000, bbox_mAP_m: 0.0000, bbox_mAP_l: 0.0390, bbox_mAP_copypaste: 0.038 0.178 0.002 -1.000 0.000 0.039
2025-11-20 19:57:32,537 - mmdet - INFO - Epoch [3][50/301]	lr: 5.000e-01, eta: 0:31:54, time: 0.718, data_time: 0.079, memory: 6431, loss_rpn_cls: 0.0342, loss_rpn_bbox: 0.0095, loss_cls: 0.1266, acc: 95.7869, loss_bbox: 0.1465, loss: 0.3167
2025-11-20 19:58:05,313 - mmdet - INFO - Epoch [3][100/301]	lr: 5.000e-01, eta: 0:31:23, time: 0.656, data_time: 0.017, memory: 6431, loss_rpn_cls: 0.0328, loss_rpn_bbox: 0.0100, loss_cls: 0.1279, acc: 95.6406, loss_bbox: 0.1513, loss: 0.3221
2025-11-20 19:58:38,211 - mmdet - INFO - Epoch [3][150/301]	lr: 5.000e-01, eta: 0:30:53, time: 0.658, data_time: 0.018, memory: 6431, loss_rpn_cls: 0.0338, loss_rpn_bbox: 0.0104, loss_cls: 0.1309, acc: 95.5110, loss_bbox: 0.1596, loss: 0.3347
2025-11-20 19:59:10,924 - mmdet - INFO - Epoch [3][200/301]	lr: 5.000e-01, eta: 0:30:22, time: 0.654, data_time: 0.017, memory: 6431, loss_rpn_cls: 0.0331, loss_rpn_bbox: 0.0095, loss_cls: 0.1269, acc: 95.5095, loss_bbox: 0.1566, loss: 0.3262
2025-11-20 19:59:43,824 - mmdet - INFO - Epoch [3][250/301]	lr: 5.000e-01, eta: 0:29:51, time: 0.658, data_time: 0.017, memory: 6431, loss_rpn_cls: 0.0315, loss_rpn_bbox: 0.0098, loss_cls: 0.1259, acc: 95.6460, loss_bbox: 0.1534, loss: 0.3205
2025-11-20 20:00:16,890 - mmdet - INFO - Epoch [3][300/301]	lr: 5.000e-01, eta: 0:29:20, time: 0.661, data_time: 0.017, memory: 6431, loss_rpn_cls: 0.0317, loss_rpn_bbox: 0.0098, loss_cls: 0.1285, acc: 95.5552, loss_bbox: 0.1535, loss: 0.3236
2025-11-20 20:00:17,585 - mmdet - INFO - Saving checkpoint at 3 epochs
2025-11-20 20:00:48,606 - mmdet - INFO - Evaluating bbox...
2025-11-20 20:00:50,501 - mmdet - INFO - Exp name: faster_RSNA.py
2025-11-20 20:00:50,502 - mmdet - INFO - Epoch(val) [3][301]	bbox_mAP: 0.0470, bbox_mAP_50: 0.2040, bbox_mAP_75: 0.0040, bbox_mAP_s: -1.0000, bbox_mAP_m: 0.0000, bbox_mAP_l: 0.0480, bbox_mAP_copypaste: 0.047 0.204 0.004 -1.000 0.000 0.048
2025-11-20 20:01:26,807 - mmdet - INFO - Epoch [4][50/301]	lr: 5.000e-01, eta: 0:28:55, time: 0.724, data_time: 0.079, memory: 6431, loss_rpn_cls: 0.0322, loss_rpn_bbox: 0.0093, loss_cls: 0.1282, acc: 95.5515, loss_bbox: 0.1556, loss: 0.3254
2025-11-20 20:01:59,816 - mmdet - INFO - Epoch [4][100/301]	lr: 5.000e-01, eta: 0:28:24, time: 0.660, data_time: 0.017, memory: 6431, loss_rpn_cls: 0.0335, loss_rpn_bbox: 0.0101, loss_cls: 0.1307, acc: 95.3689, loss_bbox: 0.1593, loss: 0.3336
2025-11-20 20:02:33,167 - mmdet - INFO - Epoch [4][150/301]	lr: 5.000e-01, eta: 0:27:53, time: 0.667, data_time: 0.017, memory: 6431, loss_rpn_cls: 0.0304, loss_rpn_bbox: 0.0093, loss_cls: 0.1281, acc: 95.6416, loss_bbox: 0.1514, loss: 0.3193
2025-11-20 20:03:06,229 - mmdet - INFO - Epoch [4][200/301]	lr: 5.000e-01, eta: 0:27:21, time: 0.661, data_time: 0.017, memory: 6431, loss_rpn_cls: 0.0328, loss_rpn_bbox: 0.0091, loss_cls: 0.1268, acc: 95.4851, loss_bbox: 0.1546, loss: 0.3232
2025-11-20 20:03:39,163 - mmdet - INFO - Epoch [4][250/301]	lr: 5.000e-01, eta: 0:26:49, time: 0.659, data_time: 0.017, memory: 6431, loss_rpn_cls: 0.0300, loss_rpn_bbox: 0.0093, loss_cls: 0.1242, acc: 95.6238, loss_bbox: 0.1504, loss: 0.3139
2025-11-20 20:04:11,850 - mmdet - INFO - Epoch [4][300/301]	lr: 5.000e-01, eta: 0:26:16, time: 0.654, data_time: 0.016, memory: 6431, loss_rpn_cls: 0.0328, loss_rpn_bbox: 0.0099, loss_cls: 0.1227, acc: 95.6140, loss_bbox: 0.1510, loss: 0.3165
2025-11-20 20:04:12,576 - mmdet - INFO - Saving checkpoint at 4 epochs
2025-11-20 20:04:43,857 - mmdet - INFO - Evaluating bbox...
2025-11-20 20:04:45,427 - mmdet - INFO - Exp name: faster_RSNA.py
2025-11-20 20:04:45,428 - mmdet - INFO - Epoch(val) [4][301]	bbox_mAP: 0.0400, bbox_mAP_50: 0.1860, bbox_mAP_75: 0.0020, bbox_mAP_s: -1.0000, bbox_mAP_m: 0.0000, bbox_mAP_l: 0.0410, bbox_mAP_copypaste: 0.040 0.186 0.002 -1.000 0.000 0.041
2025-11-20 20:05:21,986 - mmdet - INFO - Epoch [5][50/301]	lr: 5.000e-01, eta: 0:25:48, time: 0.729, data_time: 0.079, memory: 6431, loss_rpn_cls: 0.0299, loss_rpn_bbox: 0.0095, loss_cls: 0.1305, acc: 95.4592, loss_bbox: 0.1562, loss: 0.3261
2025-11-20 20:05:55,110 - mmdet - INFO - Epoch [5][100/301]	lr: 5.000e-01, eta: 0:25:16, time: 0.662, data_time: 0.016, memory: 6431, loss_rpn_cls: 0.0312, loss_rpn_bbox: 0.0095, loss_cls: 0.1160, acc: 96.0298, loss_bbox: 0.1358, loss: 0.2924
2025-11-20 20:06:28,073 - mmdet - INFO - Epoch [5][150/301]	lr: 5.000e-01, eta: 0:24:43, time: 0.659, data_time: 0.017, memory: 6431, loss_rpn_cls: 0.0311, loss_rpn_bbox: 0.0098, loss_cls: 0.1204, acc: 95.7458, loss_bbox: 0.1471, loss: 0.3084
2025-11-20 20:07:01,424 - mmdet - INFO - Epoch [5][200/301]	lr: 5.000e-01, eta: 0:24:11, time: 0.667, data_time: 0.017, memory: 6431, loss_rpn_cls: 0.0316, loss_rpn_bbox: 0.0098, loss_cls: 0.1239, acc: 95.4995, loss_bbox: 0.1511, loss: 0.3164
2025-11-20 20:07:34,705 - mmdet - INFO - Epoch [5][250/301]	lr: 5.000e-01, eta: 0:23:39, time: 0.666, data_time: 0.017, memory: 6431, loss_rpn_cls: 0.0315, loss_rpn_bbox: 0.0098, loss_cls: 0.1237, acc: 95.6111, loss_bbox: 0.1529, loss: 0.3180
2025-11-20 20:08:08,121 - mmdet - INFO - Epoch [5][300/301]	lr: 5.000e-01, eta: 0:23:07, time: 0.668, data_time: 0.016, memory: 6431, loss_rpn_cls: 0.0304, loss_rpn_bbox: 0.0090, loss_cls: 0.1258, acc: 95.6292, loss_bbox: 0.1516, loss: 0.3168
2025-11-20 20:08:08,834 - mmdet - INFO - Saving checkpoint at 5 epochs
2025-11-20 20:08:40,069 - mmdet - INFO - Evaluating bbox...
2025-11-20 20:08:41,736 - mmdet - INFO - Exp name: faster_RSNA.py
2025-11-20 20:08:41,736 - mmdet - INFO - Epoch(val) [5][301]	bbox_mAP: 0.0480, bbox_mAP_50: 0.2070, bbox_mAP_75: 0.0040, bbox_mAP_s: -1.0000, bbox_mAP_m: 0.0000, bbox_mAP_l: 0.0480, bbox_mAP_copypaste: 0.048 0.207 0.004 -1.000 0.000 0.048
