2025-11-20 18:46:39,613 - mmdet - INFO - Environment info:
------------------------------------------------------------
sys.platform: linux
Python: 3.8.20 | packaged by conda-forge | (default, Sep 30 2024, 17:52:49) [GCC 13.3.0]
CUDA available: True
GPU 0: NVIDIA RTX A6000
CUDA_HOME: /usr/local/cuda
NVCC: Build cuda_12.6.r12.6/compiler.34714021_0
GCC: gcc (Ubuntu 13.3.0-6ubuntu2~24.04) 13.3.0
PyTorch: 1.7.1+cu110
PyTorch compiling details: PyTorch built with:
  - GCC 7.3
  - C++ Version: 201402
  - Intel(R) Math Kernel Library Version 2020.0.0 Product Build 20191122 for Intel(R) 64 architecture applications
  - Intel(R) MKL-DNN v1.6.0 (Git Hash 5ef631a030a6f73131c77892041042805a06064f)
  - OpenMP 201511 (a.k.a. OpenMP 4.5)
  - NNPACK is enabled
  - CPU capability usage: AVX2
  - CUDA Runtime 11.0
  - NVCC architecture flags: -gencode;arch=compute_37,code=sm_37;-gencode;arch=compute_50,code=sm_50;-gencode;arch=compute_60,code=sm_60;-gencode;arch=compute_70,code=sm_70;-gencode;arch=compute_75,code=sm_75;-gencode;arch=compute_80,code=sm_80
  - CuDNN 8.0.5
  - Magma 2.5.2
  - Build settings: BLAS=MKL, BUILD_TYPE=Release, CXX_FLAGS= -Wno-deprecated -fvisibility-inlines-hidden -DUSE_PTHREADPOOL -fopenmp -DNDEBUG -DUSE_FBGEMM -DUSE_QNNPACK -DUSE_PYTORCH_QNNPACK -DUSE_XNNPACK -DUSE_VULKAN_WRAPPER -O2 -fPIC -Wno-narrowing -Wall -Wextra -Werror=return-type -Wno-missing-field-initializers -Wno-type-limits -Wno-array-bounds -Wno-unknown-pragmas -Wno-sign-compare -Wno-unused-parameter -Wno-unused-variable -Wno-unused-function -Wno-unused-result -Wno-unused-local-typedefs -Wno-strict-overflow -Wno-strict-aliasing -Wno-error=deprecated-declarations -Wno-stringop-overflow -Wno-psabi -Wno-error=pedantic -Wno-error=redundant-decls -Wno-error=old-style-cast -fdiagnostics-color=always -faligned-new -Wno-unused-but-set-variable -Wno-maybe-uninitialized -fno-math-errno -fno-trapping-math -Werror=format -Wno-stringop-overflow, PERF_WITH_AVX=1, PERF_WITH_AVX2=1, PERF_WITH_AVX512=1, USE_CUDA=ON, USE_EXCEPTION_PTR=1, USE_GFLAGS=OFF, USE_GLOG=OFF, USE_MKL=ON, USE_MKLDNN=ON, USE_MPI=OFF, USE_NCCL=ON, USE_NNPACK=ON, USE_OPENMP=ON, 

TorchVision: 0.8.2+cu110
OpenCV: 4.10.0
MMCV: 1.2.7
MMCV Compiler: GCC 7.3
MMCV CUDA Compiler: 11.0
MMDetection: 2.8.0+cf5622a
------------------------------------------------------------

2025-11-20 18:46:40,100 - mmdet - INFO - Distributed training: False
2025-11-20 18:46:40,572 - mmdet - INFO - Config:
model = dict(
    type='FasterRCNN',
    pretrained=None,
    backbone=dict(
        type='ResNet',
        depth=50,
        num_stages=4,
        out_indices=(0, 1, 2, 3),
        frozen_stages=1,
        norm_cfg=dict(type='BN', requires_grad=True),
        norm_eval=True,
        style='pytorch'),
    neck=dict(
        type='FPN',
        in_channels=[256, 512, 1024, 2048],
        out_channels=256,
        num_outs=5),
    rpn_head=dict(
        type='RPNHead',
        in_channels=256,
        feat_channels=256,
        anchor_generator=dict(
            type='AnchorGenerator',
            scales=[8],
            ratios=[0.5, 1.0, 2.0],
            strides=[4, 8, 16, 32, 64]),
        bbox_coder=dict(
            type='DeltaXYWHBBoxCoder',
            target_means=[0.0, 0.0, 0.0, 0.0],
            target_stds=[1.0, 1.0, 1.0, 1.0]),
        loss_cls=dict(
            type='CrossEntropyLoss', use_sigmoid=True, loss_weight=1.0),
        loss_bbox=dict(type='L1Loss', loss_weight=1.0)),
    roi_head=dict(
        type='StandardRoIHead',
        bbox_roi_extractor=dict(
            type='SingleRoIExtractor',
            roi_layer=dict(type='RoIAlign', output_size=7, sampling_ratio=0),
            out_channels=256,
            featmap_strides=[4, 8, 16, 32]),
        bbox_head=dict(
            type='Shared2FCBBoxHead',
            in_channels=256,
            fc_out_channels=1024,
            roi_feat_size=7,
            num_classes=1,
            bbox_coder=dict(
                type='DeltaXYWHBBoxCoder',
                target_means=[0.0, 0.0, 0.0, 0.0],
                target_stds=[0.1, 0.1, 0.2, 0.2]),
            reg_class_agnostic=False,
            loss_cls=dict(
                type='CrossEntropyLoss', use_sigmoid=False, loss_weight=1.0),
            loss_bbox=dict(type='L1Loss', loss_weight=1.0))))
train_cfg = dict(
    rpn=dict(
        assigner=dict(
            type='MaxIoUAssigner',
            pos_iou_thr=0.7,
            neg_iou_thr=0.3,
            min_pos_iou=0.3,
            match_low_quality=True,
            ignore_iof_thr=-1),
        sampler=dict(
            type='RandomSampler',
            num=256,
            pos_fraction=0.5,
            neg_pos_ub=-1,
            add_gt_as_proposals=False),
        allowed_border=-1,
        pos_weight=-1,
        debug=False),
    rpn_proposal=dict(
        nms_across_levels=False,
        nms_pre=2000,
        nms_post=1000,
        max_num=1000,
        nms_thr=0.7,
        min_bbox_size=0),
    rcnn=dict(
        assigner=dict(
            type='MaxIoUAssigner',
            pos_iou_thr=0.5,
            neg_iou_thr=0.5,
            min_pos_iou=0.5,
            match_low_quality=True,
            ignore_iof_thr=-1),
        sampler=dict(
            type='RandomSampler',
            num=512,
            pos_fraction=0.25,
            neg_pos_ub=-1,
            add_gt_as_proposals=True),
        pos_weight=-1,
        debug=False))
test_cfg = dict(
    rpn=dict(
        nms_across_levels=False,
        nms_pre=1000,
        nms_post=1000,
        max_num=1000,
        nms_thr=0.7,
        min_bbox_size=0),
    rcnn=dict(
        score_thr=0.05,
        nms=dict(type='nms', iou_threshold=0.5),
        max_per_img=100))
data_root = '/data/sundeep/Point-Beyond-Class/data/RSNA/gt_and_pseudo/'
Class = ('pneumonia', )
img_norm_cfg = dict(
    mean=[123.675, 116.28, 103.53], std=[58.395, 57.12, 57.375], to_rgb=True)
train_pipeline = [
    dict(type='LoadImageFromFile'),
    dict(type='LoadAnnotations', with_bbox=True),
    dict(type='Resize', img_scale=(512, 512), keep_ratio=False),
    dict(type='RandomFlip', flip_ratio=0.5),
    dict(
        type='Normalize',
        mean=[123.675, 116.28, 103.53],
        std=[58.395, 57.12, 57.375],
        to_rgb=True),
    dict(type='Pad', size_divisor=32),
    dict(type='DefaultFormatBundle'),
    dict(type='Collect', keys=['img', 'gt_bboxes', 'gt_labels'])
]
test_pipeline = [
    dict(type='LoadImageFromFile'),
    dict(
        type='MultiScaleFlipAug',
        img_scale=(512, 512),
        flip=False,
        transforms=[
            dict(type='Resize', keep_ratio=False),
            dict(type='RandomFlip'),
            dict(
                type='Normalize',
                mean=[123.675, 116.28, 103.53],
                std=[58.395, 57.12, 57.375],
                to_rgb=True),
            dict(type='Pad', size_divisor=32),
            dict(type='ImageToTensor', keys=['img']),
            dict(type='Collect', keys=['img'])
        ])
]
data = dict(
    samples_per_gpu=16,
    workers_per_gpu=16,
    train=dict(
        type='CocoDataset',
        ann_file=
        '/data/sundeep/Point-Beyond-Class/data/RSNA/gt_and_pseudo/train_LableBox_PseudoBox__exp4_stage1_data20p_1pts_Erase20_jit005_unlabelLossL2Loss50_Load2ptsconsPth.json',
        img_prefix='/data/sundeep/Point-Beyond-Class/data/RSNA/RSNA_jpg/',
        classes=('pneumonia', ),
        pipeline=[
            dict(type='LoadImageFromFile'),
            dict(type='LoadAnnotations', with_bbox=True),
            dict(type='Resize', img_scale=(512, 512), keep_ratio=False),
            dict(type='RandomFlip', flip_ratio=0.5),
            dict(
                type='Normalize',
                mean=[123.675, 116.28, 103.53],
                std=[58.395, 57.12, 57.375],
                to_rgb=True),
            dict(type='Pad', size_divisor=32),
            dict(type='DefaultFormatBundle'),
            dict(type='Collect', keys=['img', 'gt_bboxes', 'gt_labels'])
        ]),
    val=dict(
        type='CocoDataset',
        ann_file=
        '/data/sundeep/Point-Beyond-Class/data/RSNA/cocoAnn/instances_val.json',
        img_prefix='/data/sundeep/Point-Beyond-Class/data/RSNA/RSNA_jpg/',
        classes=('pneumonia', ),
        pipeline=[
            dict(type='LoadImageFromFile'),
            dict(
                type='MultiScaleFlipAug',
                img_scale=(512, 512),
                flip=False,
                transforms=[
                    dict(type='Resize', keep_ratio=False),
                    dict(type='RandomFlip'),
                    dict(
                        type='Normalize',
                        mean=[123.675, 116.28, 103.53],
                        std=[58.395, 57.12, 57.375],
                        to_rgb=True),
                    dict(type='Pad', size_divisor=32),
                    dict(type='ImageToTensor', keys=['img']),
                    dict(type='Collect', keys=['img'])
                ])
        ]),
    test=dict(
        type='CocoDataset',
        ann_file=
        '/data/sundeep/Point-Beyond-Class/data/RSNA/cocoAnn/instances_val.json',
        img_prefix='/data/sundeep/Point-Beyond-Class/data/RSNA/RSNA_jpg/',
        classes=('pneumonia', ),
        pipeline=[
            dict(type='LoadImageFromFile'),
            dict(
                type='MultiScaleFlipAug',
                img_scale=(512, 512),
                flip=False,
                transforms=[
                    dict(type='Resize', keep_ratio=False),
                    dict(type='RandomFlip'),
                    dict(
                        type='Normalize',
                        mean=[123.675, 116.28, 103.53],
                        std=[58.395, 57.12, 57.375],
                        to_rgb=True),
                    dict(type='Pad', size_divisor=32),
                    dict(type='ImageToTensor', keys=['img']),
                    dict(type='Collect', keys=['img'])
                ])
        ]))
evaluation = dict(interval=1, metric='bbox')
optimizer = dict(type='SGD', lr=0.5, momentum=0.9, weight_decay=0.0001)
optimizer_config = dict(grad_clip=None)
lr_config = dict(
    policy='step',
    warmup='linear',
    warmup_iters=500,
    warmup_ratio=0.001,
    step=[8, 11])
runner = dict(type='EpochBasedRunner', max_epochs=12)
total_epochs = 12
checkpoint_config = dict(interval=1)
log_config = dict(interval=50, hooks=[dict(type='TextLoggerHook')])
custom_hooks = []
dist_params = dict(backend='nccl')
log_level = 'INFO'
load_from = None
resume_from = None
workflow = [('train', 1)]
work_dir = '/data/sundeep/Point-Beyond-Class/Output/models/mmdet-RSNA/exp2_faster512noBB_20p__train_LableBox_PseudoBox__exp1_stage1_data20p_baseline_lr02'
gpu_ids = range(0, 1)

2025-11-20 18:46:40,572 - mmdet - INFO - Set random seed to 42, deterministic: True
2025-11-20 18:46:43,788 - mmdet - INFO - Start running, host: sundeep@skanda, work_dir: /data/sundeep/Point-Beyond-Class/Output/models/mmdet-RSNA/exp2_faster512noBB_20p__train_LableBox_PseudoBox__exp1_stage1_data20p_baseline_lr02
2025-11-20 18:46:43,788 - mmdet - INFO - workflow: [('train', 1)], max: 12 epochs
2025-11-20 18:47:16,296 - mmdet - INFO - Epoch [1][50/301]	lr: 4.945e-02, eta: 0:38:29, time: 0.648, data_time: 0.077, memory: 6420, loss_rpn_cls: 0.2661, loss_rpn_bbox: 0.0113, loss_cls: 0.1721, acc: 97.7920, loss_bbox: 0.0793, loss: 0.5287
2025-11-20 18:47:46,311 - mmdet - INFO - Epoch [1][100/301]	lr: 9.940e-02, eta: 0:36:32, time: 0.600, data_time: 0.017, memory: 6420, loss_rpn_cls: 0.0513, loss_rpn_bbox: 0.0099, loss_cls: 0.1104, acc: 96.6633, loss_bbox: 0.1198, loss: 0.2914
2025-11-20 18:48:16,802 - mmdet - INFO - Epoch [1][150/301]	lr: 1.494e-01, eta: 0:35:44, time: 0.610, data_time: 0.017, memory: 6429, loss_rpn_cls: 0.0441, loss_rpn_bbox: 0.0100, loss_cls: 0.1115, acc: 96.4980, loss_bbox: 0.1231, loss: 0.2886
2025-11-20 18:48:47,958 - mmdet - INFO - Epoch [1][200/301]	lr: 1.993e-01, eta: 0:35:16, time: 0.623, data_time: 0.017, memory: 6429, loss_rpn_cls: 0.0416, loss_rpn_bbox: 0.0099, loss_cls: 0.1228, acc: 96.1440, loss_bbox: 0.1342, loss: 0.3086
2025-11-20 18:49:19,694 - mmdet - INFO - Epoch [1][250/301]	lr: 2.493e-01, eta: 0:34:55, time: 0.635, data_time: 0.017, memory: 6429, loss_rpn_cls: 0.0391, loss_rpn_bbox: 0.0098, loss_cls: 0.1143, acc: 96.2996, loss_bbox: 0.1291, loss: 0.2923
2025-11-20 18:49:51,791 - mmdet - INFO - Epoch [1][300/301]	lr: 2.992e-01, eta: 0:34:34, time: 0.642, data_time: 0.016, memory: 6429, loss_rpn_cls: 0.0417, loss_rpn_bbox: 0.0104, loss_cls: 0.1226, acc: 95.9956, loss_bbox: 0.1385, loss: 0.3132
2025-11-20 18:49:52,465 - mmdet - INFO - Saving checkpoint at 1 epochs
2025-11-20 18:50:23,357 - mmdet - INFO - Evaluating bbox...
2025-11-20 18:50:25,082 - mmdet - INFO - Exp name: faster_RSNA.py
2025-11-20 18:50:25,082 - mmdet - INFO - Epoch(val) [1][301]	bbox_mAP: 0.0310, bbox_mAP_50: 0.1330, bbox_mAP_75: 0.0020, bbox_mAP_s: -1.0000, bbox_mAP_m: 0.0000, bbox_mAP_l: 0.0310, bbox_mAP_copypaste: 0.031 0.133 0.002 -1.000 0.000 0.031
2025-11-20 18:51:00,262 - mmdet - INFO - Epoch [2][50/301]	lr: 3.501e-01, eta: 0:34:31, time: 0.702, data_time: 0.077, memory: 6429, loss_rpn_cls: 0.0381, loss_rpn_bbox: 0.0101, loss_cls: 0.1262, acc: 95.7693, loss_bbox: 0.1488, loss: 0.3233
2025-11-20 18:51:32,578 - mmdet - INFO - Epoch [2][100/301]	lr: 4.001e-01, eta: 0:34:04, time: 0.646, data_time: 0.017, memory: 6429, loss_rpn_cls: 0.0367, loss_rpn_bbox: 0.0099, loss_cls: 0.1300, acc: 95.6687, loss_bbox: 0.1520, loss: 0.3287
2025-11-20 18:52:04,907 - mmdet - INFO - Epoch [2][150/301]	lr: 4.501e-01, eta: 0:33:35, time: 0.647, data_time: 0.017, memory: 6429, loss_rpn_cls: 0.0351, loss_rpn_bbox: 0.0099, loss_cls: 0.1294, acc: 95.4678, loss_bbox: 0.1584, loss: 0.3328
2025-11-20 18:52:37,123 - mmdet - INFO - Epoch [2][200/301]	lr: 5.000e-01, eta: 0:33:06, time: 0.644, data_time: 0.017, memory: 6429, loss_rpn_cls: 0.0363, loss_rpn_bbox: 0.0098, loss_cls: 0.1206, acc: 95.8467, loss_bbox: 0.1456, loss: 0.3123
2025-11-20 18:53:09,856 - mmdet - INFO - Epoch [2][250/301]	lr: 5.000e-01, eta: 0:32:38, time: 0.655, data_time: 0.017, memory: 6429, loss_rpn_cls: 0.0344, loss_rpn_bbox: 0.0101, loss_cls: 0.1246, acc: 95.7166, loss_bbox: 0.1480, loss: 0.3171
2025-11-20 18:53:42,673 - mmdet - INFO - Epoch [2][300/301]	lr: 5.000e-01, eta: 0:32:10, time: 0.656, data_time: 0.016, memory: 6429, loss_rpn_cls: 0.0339, loss_rpn_bbox: 0.0099, loss_cls: 0.1256, acc: 95.6211, loss_bbox: 0.1505, loss: 0.3199
2025-11-20 18:53:43,360 - mmdet - INFO - Saving checkpoint at 2 epochs
2025-11-20 18:54:14,675 - mmdet - INFO - Evaluating bbox...
2025-11-20 18:54:17,207 - mmdet - INFO - Exp name: faster_RSNA.py
2025-11-20 18:54:17,207 - mmdet - INFO - Epoch(val) [2][301]	bbox_mAP: 0.0430, bbox_mAP_50: 0.1880, bbox_mAP_75: 0.0030, bbox_mAP_s: -1.0000, bbox_mAP_m: 0.0000, bbox_mAP_l: 0.0430, bbox_mAP_copypaste: 0.043 0.188 0.003 -1.000 0.000 0.043
2025-11-20 18:54:53,217 - mmdet - INFO - Epoch [3][50/301]	lr: 5.000e-01, eta: 0:31:52, time: 0.718, data_time: 0.078, memory: 6429, loss_rpn_cls: 0.0345, loss_rpn_bbox: 0.0097, loss_cls: 0.1233, acc: 95.8870, loss_bbox: 0.1420, loss: 0.3095
2025-11-20 18:55:26,215 - mmdet - INFO - Epoch [3][100/301]	lr: 5.000e-01, eta: 0:31:23, time: 0.660, data_time: 0.017, memory: 6429, loss_rpn_cls: 0.0324, loss_rpn_bbox: 0.0096, loss_cls: 0.1268, acc: 95.6504, loss_bbox: 0.1515, loss: 0.3203
2025-11-20 18:55:58,967 - mmdet - INFO - Epoch [3][150/301]	lr: 5.000e-01, eta: 0:30:52, time: 0.655, data_time: 0.017, memory: 6429, loss_rpn_cls: 0.0339, loss_rpn_bbox: 0.0102, loss_cls: 0.1251, acc: 95.6619, loss_bbox: 0.1504, loss: 0.3195
2025-11-20 18:56:31,715 - mmdet - INFO - Epoch [3][200/301]	lr: 5.000e-01, eta: 0:30:21, time: 0.655, data_time: 0.017, memory: 6429, loss_rpn_cls: 0.0327, loss_rpn_bbox: 0.0094, loss_cls: 0.1304, acc: 95.4360, loss_bbox: 0.1563, loss: 0.3287
2025-11-20 18:57:04,499 - mmdet - INFO - Epoch [3][250/301]	lr: 5.000e-01, eta: 0:29:50, time: 0.656, data_time: 0.017, memory: 6429, loss_rpn_cls: 0.0312, loss_rpn_bbox: 0.0095, loss_cls: 0.1259, acc: 95.5903, loss_bbox: 0.1533, loss: 0.3199
2025-11-20 18:57:37,701 - mmdet - INFO - Epoch [3][300/301]	lr: 5.000e-01, eta: 0:29:19, time: 0.664, data_time: 0.016, memory: 6429, loss_rpn_cls: 0.0322, loss_rpn_bbox: 0.0099, loss_cls: 0.1269, acc: 95.6089, loss_bbox: 0.1507, loss: 0.3196
2025-11-20 18:57:38,394 - mmdet - INFO - Saving checkpoint at 3 epochs
2025-11-20 18:58:09,296 - mmdet - INFO - Evaluating bbox...
2025-11-20 18:58:11,393 - mmdet - INFO - Exp name: faster_RSNA.py
2025-11-20 18:58:11,393 - mmdet - INFO - Epoch(val) [3][301]	bbox_mAP: 0.0440, bbox_mAP_50: 0.1920, bbox_mAP_75: 0.0030, bbox_mAP_s: -1.0000, bbox_mAP_m: 0.0000, bbox_mAP_l: 0.0440, bbox_mAP_copypaste: 0.044 0.192 0.003 -1.000 0.000 0.044
2025-11-20 18:58:47,298 - mmdet - INFO - Epoch [4][50/301]	lr: 5.000e-01, eta: 0:28:54, time: 0.716, data_time: 0.078, memory: 6429, loss_rpn_cls: 0.0322, loss_rpn_bbox: 0.0094, loss_cls: 0.1271, acc: 95.5911, loss_bbox: 0.1546, loss: 0.3232
2025-11-20 18:59:20,315 - mmdet - INFO - Epoch [4][100/301]	lr: 5.000e-01, eta: 0:28:22, time: 0.660, data_time: 0.017, memory: 6429, loss_rpn_cls: 0.0343, loss_rpn_bbox: 0.0104, loss_cls: 0.1252, acc: 95.6448, loss_bbox: 0.1514, loss: 0.3214
2025-11-20 18:59:53,719 - mmdet - INFO - Epoch [4][150/301]	lr: 5.000e-01, eta: 0:27:51, time: 0.668, data_time: 0.017, memory: 6429, loss_rpn_cls: 0.0309, loss_rpn_bbox: 0.0095, loss_cls: 0.1277, acc: 95.6235, loss_bbox: 0.1523, loss: 0.3204
2025-11-20 19:00:26,825 - mmdet - INFO - Epoch [4][200/301]	lr: 5.000e-01, eta: 0:27:20, time: 0.662, data_time: 0.017, memory: 6429, loss_rpn_cls: 0.0326, loss_rpn_bbox: 0.0092, loss_cls: 0.1245, acc: 95.6321, loss_bbox: 0.1480, loss: 0.3143
2025-11-20 19:00:59,795 - mmdet - INFO - Epoch [4][250/301]	lr: 5.000e-01, eta: 0:26:48, time: 0.659, data_time: 0.017, memory: 6429, loss_rpn_cls: 0.0295, loss_rpn_bbox: 0.0096, loss_cls: 0.1247, acc: 95.5874, loss_bbox: 0.1522, loss: 0.3160
2025-11-20 19:01:32,539 - mmdet - INFO - Epoch [4][300/301]	lr: 5.000e-01, eta: 0:26:15, time: 0.655, data_time: 0.016, memory: 6429, loss_rpn_cls: 0.0324, loss_rpn_bbox: 0.0098, loss_cls: 0.1290, acc: 95.4324, loss_bbox: 0.1576, loss: 0.3288
2025-11-20 19:01:33,247 - mmdet - INFO - Saving checkpoint at 4 epochs
2025-11-20 19:02:04,259 - mmdet - INFO - Evaluating bbox...
2025-11-20 19:02:05,925 - mmdet - INFO - Exp name: faster_RSNA.py
2025-11-20 19:02:05,925 - mmdet - INFO - Epoch(val) [4][301]	bbox_mAP: 0.0400, bbox_mAP_50: 0.1720, bbox_mAP_75: 0.0040, bbox_mAP_s: -1.0000, bbox_mAP_m: 0.0000, bbox_mAP_l: 0.0400, bbox_mAP_copypaste: 0.040 0.172 0.004 -1.000 0.000 0.040
2025-11-20 19:02:42,290 - mmdet - INFO - Epoch [5][50/301]	lr: 5.000e-01, eta: 0:25:47, time: 0.725, data_time: 0.078, memory: 6429, loss_rpn_cls: 0.0298, loss_rpn_bbox: 0.0096, loss_cls: 0.1238, acc: 95.7927, loss_bbox: 0.1440, loss: 0.3071
2025-11-20 19:03:14,987 - mmdet - INFO - Epoch [5][100/301]	lr: 5.000e-01, eta: 0:25:14, time: 0.654, data_time: 0.017, memory: 6429, loss_rpn_cls: 0.0312, loss_rpn_bbox: 0.0097, loss_cls: 0.1146, acc: 96.0554, loss_bbox: 0.1355, loss: 0.2909
2025-11-20 19:03:47,933 - mmdet - INFO - Epoch [5][150/301]	lr: 5.000e-01, eta: 0:24:42, time: 0.659, data_time: 0.017, memory: 6429, loss_rpn_cls: 0.0318, loss_rpn_bbox: 0.0096, loss_cls: 0.1216, acc: 95.7075, loss_bbox: 0.1484, loss: 0.3114
2025-11-20 19:04:21,380 - mmdet - INFO - Epoch [5][200/301]	lr: 5.000e-01, eta: 0:24:10, time: 0.669, data_time: 0.017, memory: 6429, loss_rpn_cls: 0.0310, loss_rpn_bbox: 0.0099, loss_cls: 0.1225, acc: 95.6255, loss_bbox: 0.1485, loss: 0.3119
2025-11-20 19:04:54,355 - mmdet - INFO - Epoch [5][250/301]	lr: 5.000e-01, eta: 0:23:37, time: 0.659, data_time: 0.017, memory: 6429, loss_rpn_cls: 0.0314, loss_rpn_bbox: 0.0098, loss_cls: 0.1253, acc: 95.4866, loss_bbox: 0.1567, loss: 0.3233
2025-11-20 19:05:27,505 - mmdet - INFO - Epoch [5][300/301]	lr: 5.000e-01, eta: 0:23:05, time: 0.663, data_time: 0.016, memory: 6429, loss_rpn_cls: 0.0304, loss_rpn_bbox: 0.0090, loss_cls: 0.1251, acc: 95.6389, loss_bbox: 0.1518, loss: 0.3164
2025-11-20 19:05:28,247 - mmdet - INFO - Saving checkpoint at 5 epochs
2025-11-20 19:05:59,230 - mmdet - INFO - Evaluating bbox...
2025-11-20 19:06:01,206 - mmdet - INFO - Exp name: faster_RSNA.py
2025-11-20 19:06:01,206 - mmdet - INFO - Epoch(val) [5][301]	bbox_mAP: 0.0500, bbox_mAP_50: 0.2220, bbox_mAP_75: 0.0030, bbox_mAP_s: -1.0000, bbox_mAP_m: 0.0000, bbox_mAP_l: 0.0500, bbox_mAP_copypaste: 0.050 0.222 0.003 -1.000 0.000 0.050
2025-11-20 19:06:37,096 - mmdet - INFO - Epoch [6][50/301]	lr: 5.000e-01, eta: 0:22:34, time: 0.716, data_time: 0.078, memory: 6429, loss_rpn_cls: 0.0304, loss_rpn_bbox: 0.0092, loss_cls: 0.1259, acc: 95.6521, loss_bbox: 0.1502, loss: 0.3157
2025-11-20 19:07:10,030 - mmdet - INFO - Epoch [6][100/301]	lr: 5.000e-01, eta: 0:22:01, time: 0.659, data_time: 0.017, memory: 6429, loss_rpn_cls: 0.0326, loss_rpn_bbox: 0.0099, loss_cls: 0.1227, acc: 95.6399, loss_bbox: 0.1496, loss: 0.3148
2025-11-20 19:07:43,065 - mmdet - INFO - Epoch [6][150/301]	lr: 5.000e-01, eta: 0:21:28, time: 0.661, data_time: 0.017, memory: 6429, loss_rpn_cls: 0.0304, loss_rpn_bbox: 0.0096, loss_cls: 0.1152, acc: 95.8682, loss_bbox: 0.1444, loss: 0.2996
2025-11-20 19:08:16,165 - mmdet - INFO - Epoch [6][200/301]	lr: 5.000e-01, eta: 0:20:56, time: 0.662, data_time: 0.017, memory: 6429, loss_rpn_cls: 0.0297, loss_rpn_bbox: 0.0097, loss_cls: 0.1278, acc: 95.5032, loss_bbox: 0.1572, loss: 0.3244
2025-11-20 19:08:49,323 - mmdet - INFO - Epoch [6][250/301]	lr: 5.000e-01, eta: 0:20:23, time: 0.663, data_time: 0.017, memory: 6429, loss_rpn_cls: 0.0313, loss_rpn_bbox: 0.0096, loss_cls: 0.1290, acc: 95.4189, loss_bbox: 0.1593, loss: 0.3292
2025-11-20 19:09:22,324 - mmdet - INFO - Epoch [6][300/301]	lr: 5.000e-01, eta: 0:19:50, time: 0.660, data_time: 0.016, memory: 6429, loss_rpn_cls: 0.0290, loss_rpn_bbox: 0.0092, loss_cls: 0.1213, acc: 95.6995, loss_bbox: 0.1442, loss: 0.3038
2025-11-20 19:09:23,033 - mmdet - INFO - Saving checkpoint at 6 epochs
2025-11-20 19:09:54,092 - mmdet - INFO - Evaluating bbox...
2025-11-20 19:09:55,793 - mmdet - INFO - Exp name: faster_RSNA.py
2025-11-20 19:09:55,793 - mmdet - INFO - Epoch(val) [6][301]	bbox_mAP: 0.0530, bbox_mAP_50: 0.2170, bbox_mAP_75: 0.0050, bbox_mAP_s: -1.0000, bbox_mAP_m: 0.0000, bbox_mAP_l: 0.0540, bbox_mAP_copypaste: 0.053 0.217 0.005 -1.000 0.000 0.054
2025-11-20 19:10:31,409 - mmdet - INFO - Epoch [7][50/301]	lr: 5.000e-01, eta: 0:19:18, time: 0.710, data_time: 0.077, memory: 6429, loss_rpn_cls: 0.0294, loss_rpn_bbox: 0.0088, loss_cls: 0.1206, acc: 95.7417, loss_bbox: 0.1442, loss: 0.3030
2025-11-20 19:11:04,263 - mmdet - INFO - Epoch [7][100/301]	lr: 5.000e-01, eta: 0:18:45, time: 0.657, data_time: 0.018, memory: 6429, loss_rpn_cls: 0.0308, loss_rpn_bbox: 0.0097, loss_cls: 0.1289, acc: 95.3457, loss_bbox: 0.1584, loss: 0.3279
2025-11-20 19:11:37,355 - mmdet - INFO - Epoch [7][150/301]	lr: 5.000e-01, eta: 0:18:12, time: 0.662, data_time: 0.018, memory: 6429, loss_rpn_cls: 0.0286, loss_rpn_bbox: 0.0095, loss_cls: 0.1272, acc: 95.5200, loss_bbox: 0.1527, loss: 0.3179
2025-11-20 19:12:10,018 - mmdet - INFO - Epoch [7][200/301]	lr: 5.000e-01, eta: 0:17:39, time: 0.653, data_time: 0.017, memory: 6429, loss_rpn_cls: 0.0313, loss_rpn_bbox: 0.0095, loss_cls: 0.1225, acc: 95.6133, loss_bbox: 0.1490, loss: 0.3123
2025-11-20 19:12:43,095 - mmdet - INFO - Epoch [7][250/301]	lr: 5.000e-01, eta: 0:17:06, time: 0.662, data_time: 0.017, memory: 6429, loss_rpn_cls: 0.0306, loss_rpn_bbox: 0.0095, loss_cls: 0.1219, acc: 95.7056, loss_bbox: 0.1483, loss: 0.3103
2025-11-20 19:13:16,198 - mmdet - INFO - Epoch [7][300/301]	lr: 5.000e-01, eta: 0:16:33, time: 0.662, data_time: 0.016, memory: 6429, loss_rpn_cls: 0.0328, loss_rpn_bbox: 0.0099, loss_cls: 0.1208, acc: 95.7102, loss_bbox: 0.1462, loss: 0.3098
2025-11-20 19:13:16,915 - mmdet - INFO - Saving checkpoint at 7 epochs
2025-11-20 19:13:47,816 - mmdet - INFO - Evaluating bbox...
2025-11-20 19:13:49,484 - mmdet - INFO - Exp name: faster_RSNA.py
2025-11-20 19:13:49,484 - mmdet - INFO - Epoch(val) [7][301]	bbox_mAP: 0.0570, bbox_mAP_50: 0.2400, bbox_mAP_75: 0.0050, bbox_mAP_s: -1.0000, bbox_mAP_m: 0.0000, bbox_mAP_l: 0.0580, bbox_mAP_copypaste: 0.057 0.240 0.005 -1.000 0.000 0.058
2025-11-20 19:14:25,448 - mmdet - INFO - Epoch [8][50/301]	lr: 5.000e-01, eta: 0:16:01, time: 0.717, data_time: 0.078, memory: 6429, loss_rpn_cls: 0.0312, loss_rpn_bbox: 0.0091, loss_cls: 0.1196, acc: 95.8469, loss_bbox: 0.1419, loss: 0.3018
2025-11-20 19:14:58,730 - mmdet - INFO - Epoch [8][100/301]	lr: 5.000e-01, eta: 0:15:28, time: 0.666, data_time: 0.017, memory: 6429, loss_rpn_cls: 0.0281, loss_rpn_bbox: 0.0096, loss_cls: 0.1315, acc: 95.2603, loss_bbox: 0.1627, loss: 0.3320
2025-11-20 19:15:31,985 - mmdet - INFO - Epoch [8][150/301]	lr: 5.000e-01, eta: 0:14:55, time: 0.665, data_time: 0.017, memory: 6429, loss_rpn_cls: 0.0293, loss_rpn_bbox: 0.0095, loss_cls: 0.1255, acc: 95.5239, loss_bbox: 0.1516, loss: 0.3159
2025-11-20 19:16:05,213 - mmdet - INFO - Epoch [8][200/301]	lr: 5.000e-01, eta: 0:14:22, time: 0.665, data_time: 0.017, memory: 6429, loss_rpn_cls: 0.0326, loss_rpn_bbox: 0.0095, loss_cls: 0.1259, acc: 95.6340, loss_bbox: 0.1511, loss: 0.3192
2025-11-20 19:16:38,423 - mmdet - INFO - Epoch [8][250/301]	lr: 5.000e-01, eta: 0:13:49, time: 0.664, data_time: 0.017, memory: 6429, loss_rpn_cls: 0.0289, loss_rpn_bbox: 0.0093, loss_cls: 0.1238, acc: 95.6477, loss_bbox: 0.1513, loss: 0.3134
2025-11-20 19:17:11,330 - mmdet - INFO - Epoch [8][300/301]	lr: 5.000e-01, eta: 0:13:16, time: 0.658, data_time: 0.016, memory: 6429, loss_rpn_cls: 0.0295, loss_rpn_bbox: 0.0094, loss_cls: 0.1220, acc: 95.6729, loss_bbox: 0.1493, loss: 0.3102
2025-11-20 19:17:12,040 - mmdet - INFO - Saving checkpoint at 8 epochs
2025-11-20 19:17:43,036 - mmdet - INFO - Evaluating bbox...
2025-11-20 19:17:44,318 - mmdet - INFO - Exp name: faster_RSNA.py
2025-11-20 19:17:44,318 - mmdet - INFO - Epoch(val) [8][301]	bbox_mAP: 0.0680, bbox_mAP_50: 0.2670, bbox_mAP_75: 0.0160, bbox_mAP_s: -1.0000, bbox_mAP_m: 0.0000, bbox_mAP_l: 0.0690, bbox_mAP_copypaste: 0.068 0.267 0.016 -1.000 0.000 0.069
2025-11-20 19:18:20,446 - mmdet - INFO - Epoch [9][50/301]	lr: 5.000e-02, eta: 0:12:44, time: 0.720, data_time: 0.079, memory: 6429, loss_rpn_cls: 0.0291, loss_rpn_bbox: 0.0087, loss_cls: 0.1275, acc: 95.3660, loss_bbox: 0.1565, loss: 0.3218
2025-11-20 19:18:53,528 - mmdet - INFO - Epoch [9][100/301]	lr: 5.000e-02, eta: 0:12:10, time: 0.662, data_time: 0.017, memory: 6429, loss_rpn_cls: 0.0288, loss_rpn_bbox: 0.0087, loss_cls: 0.1235, acc: 95.5527, loss_bbox: 0.1489, loss: 0.3098
2025-11-20 19:19:26,698 - mmdet - INFO - Epoch [9][150/301]	lr: 5.000e-02, eta: 0:11:37, time: 0.663, data_time: 0.017, memory: 6429, loss_rpn_cls: 0.0295, loss_rpn_bbox: 0.0089, loss_cls: 0.1213, acc: 95.5459, loss_bbox: 0.1492, loss: 0.3090
2025-11-20 19:19:59,823 - mmdet - INFO - Epoch [9][200/301]	lr: 5.000e-02, eta: 0:11:04, time: 0.662, data_time: 0.017, memory: 6429, loss_rpn_cls: 0.0254, loss_rpn_bbox: 0.0084, loss_cls: 0.1168, acc: 95.7456, loss_bbox: 0.1439, loss: 0.2945
2025-11-20 19:20:33,100 - mmdet - INFO - Epoch [9][250/301]	lr: 5.000e-02, eta: 0:10:31, time: 0.666, data_time: 0.017, memory: 6429, loss_rpn_cls: 0.0289, loss_rpn_bbox: 0.0086, loss_cls: 0.1174, acc: 95.8379, loss_bbox: 0.1437, loss: 0.2986
2025-11-20 19:21:06,146 - mmdet - INFO - Epoch [9][300/301]	lr: 5.000e-02, eta: 0:09:58, time: 0.661, data_time: 0.016, memory: 6429, loss_rpn_cls: 0.0266, loss_rpn_bbox: 0.0085, loss_cls: 0.1144, acc: 95.8093, loss_bbox: 0.1388, loss: 0.2883
2025-11-20 19:21:06,863 - mmdet - INFO - Saving checkpoint at 9 epochs
2025-11-20 19:21:37,877 - mmdet - INFO - Evaluating bbox...
2025-11-20 19:21:39,177 - mmdet - INFO - Exp name: faster_RSNA.py
2025-11-20 19:21:39,177 - mmdet - INFO - Epoch(val) [9][301]	bbox_mAP: 0.0780, bbox_mAP_50: 0.2910, bbox_mAP_75: 0.0160, bbox_mAP_s: -1.0000, bbox_mAP_m: 0.0000, bbox_mAP_l: 0.0800, bbox_mAP_copypaste: 0.078 0.291 0.016 -1.000 0.000 0.080
2025-11-20 19:22:15,229 - mmdet - INFO - Epoch [10][50/301]	lr: 5.000e-02, eta: 0:09:25, time: 0.719, data_time: 0.078, memory: 6429, loss_rpn_cls: 0.0278, loss_rpn_bbox: 0.0084, loss_cls: 0.1195, acc: 95.6497, loss_bbox: 0.1457, loss: 0.3014
2025-11-20 19:22:48,229 - mmdet - INFO - Epoch [10][100/301]	lr: 5.000e-02, eta: 0:08:52, time: 0.660, data_time: 0.018, memory: 6429, loss_rpn_cls: 0.0281, loss_rpn_bbox: 0.0091, loss_cls: 0.1168, acc: 95.7554, loss_bbox: 0.1438, loss: 0.2978
2025-11-20 19:23:21,217 - mmdet - INFO - Epoch [10][150/301]	lr: 5.000e-02, eta: 0:08:19, time: 0.660, data_time: 0.017, memory: 6429, loss_rpn_cls: 0.0290, loss_rpn_bbox: 0.0085, loss_cls: 0.1107, acc: 96.0171, loss_bbox: 0.1332, loss: 0.2814
2025-11-20 19:23:54,281 - mmdet - INFO - Epoch [10][200/301]	lr: 5.000e-02, eta: 0:07:45, time: 0.661, data_time: 0.017, memory: 6429, loss_rpn_cls: 0.0265, loss_rpn_bbox: 0.0084, loss_cls: 0.1153, acc: 95.8574, loss_bbox: 0.1397, loss: 0.2897
2025-11-20 19:24:27,443 - mmdet - INFO - Epoch [10][250/301]	lr: 5.000e-02, eta: 0:07:12, time: 0.663, data_time: 0.017, memory: 6429, loss_rpn_cls: 0.0287, loss_rpn_bbox: 0.0086, loss_cls: 0.1185, acc: 95.7112, loss_bbox: 0.1431, loss: 0.2989
2025-11-20 19:25:00,530 - mmdet - INFO - Epoch [10][300/301]	lr: 5.000e-02, eta: 0:06:39, time: 0.662, data_time: 0.017, memory: 6429, loss_rpn_cls: 0.0269, loss_rpn_bbox: 0.0084, loss_cls: 0.1148, acc: 95.8413, loss_bbox: 0.1395, loss: 0.2896
2025-11-20 19:25:01,231 - mmdet - INFO - Saving checkpoint at 10 epochs
2025-11-20 19:25:32,124 - mmdet - INFO - Evaluating bbox...
2025-11-20 19:25:33,653 - mmdet - INFO - Exp name: faster_RSNA.py
2025-11-20 19:25:33,654 - mmdet - INFO - Epoch(val) [10][301]	bbox_mAP: 0.0780, bbox_mAP_50: 0.2990, bbox_mAP_75: 0.0160, bbox_mAP_s: -1.0000, bbox_mAP_m: 0.0000, bbox_mAP_l: 0.0790, bbox_mAP_copypaste: 0.078 0.299 0.016 -1.000 0.000 0.079
2025-11-20 19:26:09,804 - mmdet - INFO - Epoch [11][50/301]	lr: 5.000e-02, eta: 0:06:06, time: 0.721, data_time: 0.078, memory: 6429, loss_rpn_cls: 0.0268, loss_rpn_bbox: 0.0085, loss_cls: 0.1136, acc: 95.8909, loss_bbox: 0.1365, loss: 0.2853
2025-11-20 19:26:42,758 - mmdet - INFO - Epoch [11][100/301]	lr: 5.000e-02, eta: 0:05:33, time: 0.659, data_time: 0.018, memory: 6429, loss_rpn_cls: 0.0275, loss_rpn_bbox: 0.0086, loss_cls: 0.1162, acc: 95.8203, loss_bbox: 0.1395, loss: 0.2918
2025-11-20 19:27:16,142 - mmdet - INFO - Epoch [11][150/301]	lr: 5.000e-02, eta: 0:04:59, time: 0.668, data_time: 0.018, memory: 6429, loss_rpn_cls: 0.0279, loss_rpn_bbox: 0.0087, loss_cls: 0.1152, acc: 95.8064, loss_bbox: 0.1415, loss: 0.2934
2025-11-20 19:27:49,127 - mmdet - INFO - Epoch [11][200/301]	lr: 5.000e-02, eta: 0:04:26, time: 0.660, data_time: 0.018, memory: 6429, loss_rpn_cls: 0.0272, loss_rpn_bbox: 0.0088, loss_cls: 0.1176, acc: 95.7542, loss_bbox: 0.1449, loss: 0.2985
2025-11-20 19:28:22,171 - mmdet - INFO - Epoch [11][250/301]	lr: 5.000e-02, eta: 0:03:53, time: 0.661, data_time: 0.017, memory: 6429, loss_rpn_cls: 0.0277, loss_rpn_bbox: 0.0082, loss_cls: 0.1169, acc: 95.7671, loss_bbox: 0.1411, loss: 0.2939
2025-11-20 19:28:55,161 - mmdet - INFO - Epoch [11][300/301]	lr: 5.000e-02, eta: 0:03:20, time: 0.660, data_time: 0.017, memory: 6429, loss_rpn_cls: 0.0277, loss_rpn_bbox: 0.0086, loss_cls: 0.1181, acc: 95.7085, loss_bbox: 0.1447, loss: 0.2991
2025-11-20 19:28:55,862 - mmdet - INFO - Saving checkpoint at 11 epochs
2025-11-20 19:29:26,696 - mmdet - INFO - Evaluating bbox...
2025-11-20 19:29:28,007 - mmdet - INFO - Exp name: faster_RSNA.py
2025-11-20 19:29:28,007 - mmdet - INFO - Epoch(val) [11][301]	bbox_mAP: 0.0710, bbox_mAP_50: 0.3000, bbox_mAP_75: 0.0080, bbox_mAP_s: -1.0000, bbox_mAP_m: 0.0000, bbox_mAP_l: 0.0720, bbox_mAP_copypaste: 0.071 0.300 0.008 -1.000 0.000 0.072
2025-11-20 19:30:03,826 - mmdet - INFO - Epoch [12][50/301]	lr: 5.000e-03, eta: 0:02:46, time: 0.714, data_time: 0.078, memory: 6429, loss_rpn_cls: 0.0272, loss_rpn_bbox: 0.0084, loss_cls: 0.1144, acc: 95.8242, loss_bbox: 0.1410, loss: 0.2910
2025-11-20 19:30:36,727 - mmdet - INFO - Epoch [12][100/301]	lr: 5.000e-03, eta: 0:02:13, time: 0.658, data_time: 0.017, memory: 6429, loss_rpn_cls: 0.0276, loss_rpn_bbox: 0.0086, loss_cls: 0.1182, acc: 95.6362, loss_bbox: 0.1450, loss: 0.2993
2025-11-20 19:31:09,686 - mmdet - INFO - Epoch [12][150/301]	lr: 5.000e-03, eta: 0:01:40, time: 0.659, data_time: 0.018, memory: 6429, loss_rpn_cls: 0.0283, loss_rpn_bbox: 0.0087, loss_cls: 0.1167, acc: 95.7378, loss_bbox: 0.1413, loss: 0.2950
2025-11-20 19:31:42,635 - mmdet - INFO - Epoch [12][200/301]	lr: 5.000e-03, eta: 0:01:07, time: 0.659, data_time: 0.017, memory: 6429, loss_rpn_cls: 0.0261, loss_rpn_bbox: 0.0083, loss_cls: 0.1147, acc: 95.8281, loss_bbox: 0.1400, loss: 0.2891
2025-11-20 19:32:15,625 - mmdet - INFO - Epoch [12][250/301]	lr: 5.000e-03, eta: 0:00:33, time: 0.660, data_time: 0.017, memory: 6429, loss_rpn_cls: 0.0276, loss_rpn_bbox: 0.0085, loss_cls: 0.1179, acc: 95.7236, loss_bbox: 0.1432, loss: 0.2973
2025-11-20 19:32:48,624 - mmdet - INFO - Epoch [12][300/301]	lr: 5.000e-03, eta: 0:00:00, time: 0.660, data_time: 0.017, memory: 6429, loss_rpn_cls: 0.0260, loss_rpn_bbox: 0.0083, loss_cls: 0.1153, acc: 95.8223, loss_bbox: 0.1403, loss: 0.2898
2025-11-20 19:32:49,323 - mmdet - INFO - Saving checkpoint at 12 epochs
2025-11-20 19:33:20,119 - mmdet - INFO - Evaluating bbox...
2025-11-20 19:33:21,336 - mmdet - INFO - Exp name: faster_RSNA.py
2025-11-20 19:33:21,336 - mmdet - INFO - Epoch(val) [12][301]	bbox_mAP: 0.0760, bbox_mAP_50: 0.3130, bbox_mAP_75: 0.0110, bbox_mAP_s: -1.0000, bbox_mAP_m: 0.0000, bbox_mAP_l: 0.0770, bbox_mAP_copypaste: 0.076 0.313 0.011 -1.000 0.000 0.077
