2025-11-20 18:00:23,621 - mmdet - INFO - Environment info:
------------------------------------------------------------
sys.platform: linux
Python: 3.8.20 | packaged by conda-forge | (default, Sep 30 2024, 17:52:49) [GCC 13.3.0]
CUDA available: True
GPU 0: NVIDIA RTX A6000
CUDA_HOME: /usr/local/cuda
NVCC: Build cuda_12.6.r12.6/compiler.34714021_0
GCC: gcc (Ubuntu 13.3.0-6ubuntu2~24.04) 13.3.0
PyTorch: 1.7.1+cu110
PyTorch compiling details: PyTorch built with:
  - GCC 7.3
  - C++ Version: 201402
  - Intel(R) Math Kernel Library Version 2020.0.0 Product Build 20191122 for Intel(R) 64 architecture applications
  - Intel(R) MKL-DNN v1.6.0 (Git Hash 5ef631a030a6f73131c77892041042805a06064f)
  - OpenMP 201511 (a.k.a. OpenMP 4.5)
  - NNPACK is enabled
  - CPU capability usage: AVX2
  - CUDA Runtime 11.0
  - NVCC architecture flags: -gencode;arch=compute_37,code=sm_37;-gencode;arch=compute_50,code=sm_50;-gencode;arch=compute_60,code=sm_60;-gencode;arch=compute_70,code=sm_70;-gencode;arch=compute_75,code=sm_75;-gencode;arch=compute_80,code=sm_80
  - CuDNN 8.0.5
  - Magma 2.5.2
  - Build settings: BLAS=MKL, BUILD_TYPE=Release, CXX_FLAGS= -Wno-deprecated -fvisibility-inlines-hidden -DUSE_PTHREADPOOL -fopenmp -DNDEBUG -DUSE_FBGEMM -DUSE_QNNPACK -DUSE_PYTORCH_QNNPACK -DUSE_XNNPACK -DUSE_VULKAN_WRAPPER -O2 -fPIC -Wno-narrowing -Wall -Wextra -Werror=return-type -Wno-missing-field-initializers -Wno-type-limits -Wno-array-bounds -Wno-unknown-pragmas -Wno-sign-compare -Wno-unused-parameter -Wno-unused-variable -Wno-unused-function -Wno-unused-result -Wno-unused-local-typedefs -Wno-strict-overflow -Wno-strict-aliasing -Wno-error=deprecated-declarations -Wno-stringop-overflow -Wno-psabi -Wno-error=pedantic -Wno-error=redundant-decls -Wno-error=old-style-cast -fdiagnostics-color=always -faligned-new -Wno-unused-but-set-variable -Wno-maybe-uninitialized -fno-math-errno -fno-trapping-math -Werror=format -Wno-stringop-overflow, PERF_WITH_AVX=1, PERF_WITH_AVX2=1, PERF_WITH_AVX512=1, USE_CUDA=ON, USE_EXCEPTION_PTR=1, USE_GFLAGS=OFF, USE_GLOG=OFF, USE_MKL=ON, USE_MKLDNN=ON, USE_MPI=OFF, USE_NCCL=ON, USE_NNPACK=ON, USE_OPENMP=ON, 

TorchVision: 0.8.2+cu110
OpenCV: 4.10.0
MMCV: 1.2.7
MMCV Compiler: GCC 7.3
MMCV CUDA Compiler: 11.0
MMDetection: 2.8.0+cf5622a
------------------------------------------------------------

2025-11-20 18:00:24,112 - mmdet - INFO - Distributed training: False
2025-11-20 18:00:24,585 - mmdet - INFO - Config:
model = dict(
    type='FasterRCNN',
    pretrained=None,
    backbone=dict(
        type='ResNet',
        depth=50,
        num_stages=4,
        out_indices=(0, 1, 2, 3),
        frozen_stages=1,
        norm_cfg=dict(type='BN', requires_grad=True),
        norm_eval=True,
        style='pytorch'),
    neck=dict(
        type='FPN',
        in_channels=[256, 512, 1024, 2048],
        out_channels=256,
        num_outs=5),
    rpn_head=dict(
        type='RPNHead',
        in_channels=256,
        feat_channels=256,
        anchor_generator=dict(
            type='AnchorGenerator',
            scales=[8],
            ratios=[0.5, 1.0, 2.0],
            strides=[4, 8, 16, 32, 64]),
        bbox_coder=dict(
            type='DeltaXYWHBBoxCoder',
            target_means=[0.0, 0.0, 0.0, 0.0],
            target_stds=[1.0, 1.0, 1.0, 1.0]),
        loss_cls=dict(
            type='CrossEntropyLoss', use_sigmoid=True, loss_weight=1.0),
        loss_bbox=dict(type='L1Loss', loss_weight=1.0)),
    roi_head=dict(
        type='StandardRoIHead',
        bbox_roi_extractor=dict(
            type='SingleRoIExtractor',
            roi_layer=dict(type='RoIAlign', output_size=7, sampling_ratio=0),
            out_channels=256,
            featmap_strides=[4, 8, 16, 32]),
        bbox_head=dict(
            type='Shared2FCBBoxHead',
            in_channels=256,
            fc_out_channels=1024,
            roi_feat_size=7,
            num_classes=1,
            bbox_coder=dict(
                type='DeltaXYWHBBoxCoder',
                target_means=[0.0, 0.0, 0.0, 0.0],
                target_stds=[0.1, 0.1, 0.2, 0.2]),
            reg_class_agnostic=False,
            loss_cls=dict(
                type='CrossEntropyLoss', use_sigmoid=False, loss_weight=1.0),
            loss_bbox=dict(type='L1Loss', loss_weight=1.0))))
train_cfg = dict(
    rpn=dict(
        assigner=dict(
            type='MaxIoUAssigner',
            pos_iou_thr=0.7,
            neg_iou_thr=0.3,
            min_pos_iou=0.3,
            match_low_quality=True,
            ignore_iof_thr=-1),
        sampler=dict(
            type='RandomSampler',
            num=256,
            pos_fraction=0.5,
            neg_pos_ub=-1,
            add_gt_as_proposals=False),
        allowed_border=-1,
        pos_weight=-1,
        debug=False),
    rpn_proposal=dict(
        nms_across_levels=False,
        nms_pre=2000,
        nms_post=1000,
        max_num=1000,
        nms_thr=0.7,
        min_bbox_size=0),
    rcnn=dict(
        assigner=dict(
            type='MaxIoUAssigner',
            pos_iou_thr=0.5,
            neg_iou_thr=0.5,
            min_pos_iou=0.5,
            match_low_quality=True,
            ignore_iof_thr=-1),
        sampler=dict(
            type='RandomSampler',
            num=512,
            pos_fraction=0.25,
            neg_pos_ub=-1,
            add_gt_as_proposals=True),
        pos_weight=-1,
        debug=False))
test_cfg = dict(
    rpn=dict(
        nms_across_levels=False,
        nms_pre=1000,
        nms_post=1000,
        max_num=1000,
        nms_thr=0.7,
        min_bbox_size=0),
    rcnn=dict(
        score_thr=0.05,
        nms=dict(type='nms', iou_threshold=0.5),
        max_per_img=100))
data_root = '/data/sundeep/Point-Beyond-Class/data/RSNA/gt_and_pseudo/'
Class = ('pneumonia', )
img_norm_cfg = dict(
    mean=[123.675, 116.28, 103.53], std=[58.395, 57.12, 57.375], to_rgb=True)
train_pipeline = [
    dict(type='LoadImageFromFile'),
    dict(type='LoadAnnotations', with_bbox=True),
    dict(type='Resize', img_scale=(512, 512), keep_ratio=False),
    dict(type='RandomFlip', flip_ratio=0.5),
    dict(
        type='Normalize',
        mean=[123.675, 116.28, 103.53],
        std=[58.395, 57.12, 57.375],
        to_rgb=True),
    dict(type='Pad', size_divisor=32),
    dict(type='DefaultFormatBundle'),
    dict(type='Collect', keys=['img', 'gt_bboxes', 'gt_labels'])
]
test_pipeline = [
    dict(type='LoadImageFromFile'),
    dict(
        type='MultiScaleFlipAug',
        img_scale=(512, 512),
        flip=False,
        transforms=[
            dict(type='Resize', keep_ratio=False),
            dict(type='RandomFlip'),
            dict(
                type='Normalize',
                mean=[123.675, 116.28, 103.53],
                std=[58.395, 57.12, 57.375],
                to_rgb=True),
            dict(type='Pad', size_divisor=32),
            dict(type='ImageToTensor', keys=['img']),
            dict(type='Collect', keys=['img'])
        ])
]
data = dict(
    samples_per_gpu=16,
    workers_per_gpu=16,
    train=dict(
        type='CocoDataset',
        ann_file=
        '/data/sundeep/Point-Beyond-Class/data/RSNA/cocoAnn/20p/instances_trainBox.json',
        img_prefix='/data/sundeep/Point-Beyond-Class/data/RSNA/RSNA_jpg/',
        classes=('pneumonia', ),
        pipeline=[
            dict(type='LoadImageFromFile'),
            dict(type='LoadAnnotations', with_bbox=True),
            dict(type='Resize', img_scale=(512, 512), keep_ratio=False),
            dict(type='RandomFlip', flip_ratio=0.5),
            dict(
                type='Normalize',
                mean=[123.675, 116.28, 103.53],
                std=[58.395, 57.12, 57.375],
                to_rgb=True),
            dict(type='Pad', size_divisor=32),
            dict(type='DefaultFormatBundle'),
            dict(type='Collect', keys=['img', 'gt_bboxes', 'gt_labels'])
        ]),
    val=dict(
        type='CocoDataset',
        ann_file=
        '/data/sundeep/Point-Beyond-Class/data/RSNA/cocoAnn/instances_val.json',
        img_prefix='/data/sundeep/Point-Beyond-Class/data/RSNA/RSNA_jpg/',
        classes=('pneumonia', ),
        pipeline=[
            dict(type='LoadImageFromFile'),
            dict(
                type='MultiScaleFlipAug',
                img_scale=(512, 512),
                flip=False,
                transforms=[
                    dict(type='Resize', keep_ratio=False),
                    dict(type='RandomFlip'),
                    dict(
                        type='Normalize',
                        mean=[123.675, 116.28, 103.53],
                        std=[58.395, 57.12, 57.375],
                        to_rgb=True),
                    dict(type='Pad', size_divisor=32),
                    dict(type='ImageToTensor', keys=['img']),
                    dict(type='Collect', keys=['img'])
                ])
        ]),
    test=dict(
        type='CocoDataset',
        ann_file=
        '/data/sundeep/Point-Beyond-Class/data/RSNA/cocoAnn/instances_val.json',
        img_prefix='/data/sundeep/Point-Beyond-Class/data/RSNA/RSNA_jpg/',
        classes=('pneumonia', ),
        pipeline=[
            dict(type='LoadImageFromFile'),
            dict(
                type='MultiScaleFlipAug',
                img_scale=(512, 512),
                flip=False,
                transforms=[
                    dict(type='Resize', keep_ratio=False),
                    dict(type='RandomFlip'),
                    dict(
                        type='Normalize',
                        mean=[123.675, 116.28, 103.53],
                        std=[58.395, 57.12, 57.375],
                        to_rgb=True),
                    dict(type='Pad', size_divisor=32),
                    dict(type='ImageToTensor', keys=['img']),
                    dict(type='Collect', keys=['img'])
                ])
        ]))
evaluation = dict(interval=1, metric='bbox')
optimizer = dict(type='SGD', lr=0.5, momentum=0.9, weight_decay=0.0001)
optimizer_config = dict(grad_clip=None)
lr_config = dict(
    policy='step',
    warmup='linear',
    warmup_iters=500,
    warmup_ratio=0.001,
    step=[8, 11])
runner = dict(type='EpochBasedRunner', max_epochs=12)
total_epochs = 12
checkpoint_config = dict(interval=1)
log_config = dict(interval=50, hooks=[dict(type='TextLoggerHook')])
custom_hooks = []
dist_params = dict(backend='nccl')
log_level = 'INFO'
load_from = None
resume_from = None
workflow = [('train', 1)]
work_dir = '/data/sundeep/Point-Beyond-Class/Output/models/mmdet-RSNA/exp1_faster512_20p_onlyBox_lr05'
gpu_ids = range(0, 1)

2025-11-20 18:00:24,585 - mmdet - INFO - Set random seed to 42, deterministic: True
2025-11-20 18:00:27,785 - mmdet - INFO - Start running, host: sundeep@skanda, work_dir: /data/sundeep/Point-Beyond-Class/Output/models/mmdet-RSNA/exp1_faster512_20p_onlyBox_lr05
2025-11-20 18:00:27,785 - mmdet - INFO - workflow: [('train', 1)], max: 12 epochs
2025-11-20 18:01:00,551 - mmdet - INFO - Epoch [1][50/61]	lr: 4.945e-02, eta: 0:07:25, time: 0.653, data_time: 0.079, memory: 6414, loss_rpn_cls: 0.2750, loss_rpn_bbox: 0.0138, loss_cls: 0.1637, acc: 98.2205, loss_bbox: 0.0632, loss: 0.5156
2025-11-20 18:01:07,166 - mmdet - INFO - Saving checkpoint at 1 epochs
2025-11-20 18:01:37,505 - mmdet - INFO - Evaluating bbox...
2025-11-20 18:01:38,655 - mmdet - INFO - Exp name: faster_RSNA.py
2025-11-20 18:01:38,655 - mmdet - INFO - Epoch(val) [1][61]	bbox_mAP: 0.0070, bbox_mAP_50: 0.0370, bbox_mAP_75: 0.0000, bbox_mAP_s: -1.0000, bbox_mAP_m: 0.0000, bbox_mAP_l: 0.0070, bbox_mAP_copypaste: 0.007 0.037 0.000 -1.000 0.000 0.007
2025-11-20 18:02:12,117 - mmdet - INFO - Epoch [2][50/61]	lr: 1.104e-01, eta: 0:06:09, time: 0.667, data_time: 0.078, memory: 6430, loss_rpn_cls: 0.0617, loss_rpn_bbox: 0.0128, loss_cls: 0.1036, acc: 97.2869, loss_bbox: 0.1019, loss: 0.2799
2025-11-20 18:02:18,870 - mmdet - INFO - Saving checkpoint at 2 epochs
2025-11-20 18:02:49,611 - mmdet - INFO - Evaluating bbox...
2025-11-20 18:02:51,713 - mmdet - INFO - Exp name: faster_RSNA.py
2025-11-20 18:02:51,714 - mmdet - INFO - Epoch(val) [2][61]	bbox_mAP: 0.0190, bbox_mAP_50: 0.0930, bbox_mAP_75: 0.0010, bbox_mAP_s: -1.0000, bbox_mAP_m: 0.0000, bbox_mAP_l: 0.0190, bbox_mAP_copypaste: 0.019 0.093 0.001 -1.000 0.000 0.019
2025-11-20 18:03:26,185 - mmdet - INFO - Epoch [3][50/61]	lr: 1.713e-01, eta: 0:05:26, time: 0.687, data_time: 0.080, memory: 6430, loss_rpn_cls: 0.0568, loss_rpn_bbox: 0.0119, loss_cls: 0.1114, acc: 96.8157, loss_bbox: 0.1154, loss: 0.2955
2025-11-20 18:03:33,314 - mmdet - INFO - Saving checkpoint at 3 epochs
2025-11-20 18:04:04,199 - mmdet - INFO - Evaluating bbox...
2025-11-20 18:04:05,976 - mmdet - INFO - Exp name: faster_RSNA.py
2025-11-20 18:04:05,976 - mmdet - INFO - Epoch(val) [3][61]	bbox_mAP: 0.0250, bbox_mAP_50: 0.1140, bbox_mAP_75: 0.0020, bbox_mAP_s: -1.0000, bbox_mAP_m: 0.0000, bbox_mAP_l: 0.0260, bbox_mAP_copypaste: 0.025 0.114 0.002 -1.000 0.000 0.026
2025-11-20 18:04:41,362 - mmdet - INFO - Epoch [4][50/61]	lr: 2.323e-01, eta: 0:04:50, time: 0.706, data_time: 0.079, memory: 6430, loss_rpn_cls: 0.0544, loss_rpn_bbox: 0.0120, loss_cls: 0.1160, acc: 96.5615, loss_bbox: 0.1238, loss: 0.3062
2025-11-20 18:04:48,538 - mmdet - INFO - Saving checkpoint at 4 epochs
2025-11-20 18:05:19,615 - mmdet - INFO - Evaluating bbox...
2025-11-20 18:05:21,036 - mmdet - INFO - Exp name: faster_RSNA.py
2025-11-20 18:05:21,036 - mmdet - INFO - Epoch(val) [4][61]	bbox_mAP: 0.0240, bbox_mAP_50: 0.1140, bbox_mAP_75: 0.0010, bbox_mAP_s: -1.0000, bbox_mAP_m: 0.0000, bbox_mAP_l: 0.0250, bbox_mAP_copypaste: 0.024 0.114 0.001 -1.000 0.000 0.025
2025-11-20 18:05:56,737 - mmdet - INFO - Epoch [5][50/61]	lr: 2.932e-01, eta: 0:04:15, time: 0.712, data_time: 0.080, memory: 6430, loss_rpn_cls: 0.0505, loss_rpn_bbox: 0.0120, loss_cls: 0.1176, acc: 96.4404, loss_bbox: 0.1281, loss: 0.3082
2025-11-20 18:06:03,819 - mmdet - INFO - Saving checkpoint at 5 epochs
2025-11-20 18:06:34,743 - mmdet - INFO - Evaluating bbox...
2025-11-20 18:06:36,181 - mmdet - INFO - Exp name: faster_RSNA.py
2025-11-20 18:06:36,181 - mmdet - INFO - Epoch(val) [5][61]	bbox_mAP: 0.0360, bbox_mAP_50: 0.1630, bbox_mAP_75: 0.0030, bbox_mAP_s: -1.0000, bbox_mAP_m: 0.0000, bbox_mAP_l: 0.0370, bbox_mAP_copypaste: 0.036 0.163 0.003 -1.000 0.000 0.037
2025-11-20 18:07:11,811 - mmdet - INFO - Epoch [6][50/61]	lr: 3.541e-01, eta: 0:03:39, time: 0.711, data_time: 0.081, memory: 6430, loss_rpn_cls: 0.0510, loss_rpn_bbox: 0.0122, loss_cls: 0.1198, acc: 96.3850, loss_bbox: 0.1296, loss: 0.3125
2025-11-20 18:07:18,909 - mmdet - INFO - Saving checkpoint at 6 epochs
2025-11-20 18:07:49,894 - mmdet - INFO - Evaluating bbox...
2025-11-20 18:07:51,065 - mmdet - INFO - Exp name: faster_RSNA.py
2025-11-20 18:07:51,065 - mmdet - INFO - Epoch(val) [6][61]	bbox_mAP: 0.0270, bbox_mAP_50: 0.1230, bbox_mAP_75: 0.0020, bbox_mAP_s: -1.0000, bbox_mAP_m: 0.0000, bbox_mAP_l: 0.0270, bbox_mAP_copypaste: 0.027 0.123 0.002 -1.000 0.000 0.027
2025-11-20 18:08:26,697 - mmdet - INFO - Epoch [7][50/61]	lr: 4.151e-01, eta: 0:03:04, time: 0.711, data_time: 0.082, memory: 6430, loss_rpn_cls: 0.0486, loss_rpn_bbox: 0.0119, loss_cls: 0.1247, acc: 96.3572, loss_bbox: 0.1302, loss: 0.3155
2025-11-20 18:08:33,900 - mmdet - INFO - Saving checkpoint at 7 epochs
2025-11-20 18:09:05,333 - mmdet - INFO - Evaluating bbox...
2025-11-20 18:09:08,959 - mmdet - INFO - Exp name: faster_RSNA.py
2025-11-20 18:09:08,959 - mmdet - INFO - Epoch(val) [7][61]	bbox_mAP: 0.0340, bbox_mAP_50: 0.1500, bbox_mAP_75: 0.0020, bbox_mAP_s: -1.0000, bbox_mAP_m: 0.0010, bbox_mAP_l: 0.0340, bbox_mAP_copypaste: 0.034 0.150 0.002 -1.000 0.001 0.034
2025-11-20 18:09:44,523 - mmdet - INFO - Epoch [8][50/61]	lr: 4.760e-01, eta: 0:02:28, time: 0.709, data_time: 0.082, memory: 6430, loss_rpn_cls: 0.0481, loss_rpn_bbox: 0.0121, loss_cls: 0.1223, acc: 96.2952, loss_bbox: 0.1322, loss: 0.3147
2025-11-20 18:09:51,785 - mmdet - INFO - Saving checkpoint at 8 epochs
2025-11-20 18:10:23,163 - mmdet - INFO - Evaluating bbox...
2025-11-20 18:10:25,621 - mmdet - INFO - Exp name: faster_RSNA.py
2025-11-20 18:10:25,621 - mmdet - INFO - Epoch(val) [8][61]	bbox_mAP: 0.0340, bbox_mAP_50: 0.1390, bbox_mAP_75: 0.0040, bbox_mAP_s: -1.0000, bbox_mAP_m: 0.0000, bbox_mAP_l: 0.0350, bbox_mAP_copypaste: 0.034 0.139 0.004 -1.000 0.000 0.035
2025-11-20 18:11:01,236 - mmdet - INFO - Epoch [9][50/61]	lr: 5.000e-02, eta: 0:01:52, time: 0.710, data_time: 0.083, memory: 6430, loss_rpn_cls: 0.0441, loss_rpn_bbox: 0.0110, loss_cls: 0.1214, acc: 96.1130, loss_bbox: 0.1339, loss: 0.3104
2025-11-20 18:11:08,393 - mmdet - INFO - Saving checkpoint at 9 epochs
2025-11-20 18:11:39,556 - mmdet - INFO - Evaluating bbox...
2025-11-20 18:11:41,295 - mmdet - INFO - Exp name: faster_RSNA.py
2025-11-20 18:11:41,295 - mmdet - INFO - Epoch(val) [9][61]	bbox_mAP: 0.0400, bbox_mAP_50: 0.1690, bbox_mAP_75: 0.0050, bbox_mAP_s: -1.0000, bbox_mAP_m: 0.0000, bbox_mAP_l: 0.0410, bbox_mAP_copypaste: 0.040 0.169 0.005 -1.000 0.000 0.041
2025-11-20 18:12:16,925 - mmdet - INFO - Epoch [10][50/61]	lr: 5.000e-02, eta: 0:01:17, time: 0.711, data_time: 0.081, memory: 6430, loss_rpn_cls: 0.0431, loss_rpn_bbox: 0.0109, loss_cls: 0.1216, acc: 96.0002, loss_bbox: 0.1370, loss: 0.3127
2025-11-20 18:12:24,064 - mmdet - INFO - Saving checkpoint at 10 epochs
2025-11-20 18:12:55,327 - mmdet - INFO - Evaluating bbox...
2025-11-20 18:12:56,863 - mmdet - INFO - Exp name: faster_RSNA.py
2025-11-20 18:12:56,863 - mmdet - INFO - Epoch(val) [10][61]	bbox_mAP: 0.0430, bbox_mAP_50: 0.1860, bbox_mAP_75: 0.0050, bbox_mAP_s: -1.0000, bbox_mAP_m: 0.0000, bbox_mAP_l: 0.0440, bbox_mAP_copypaste: 0.043 0.186 0.005 -1.000 0.000 0.044
2025-11-20 18:13:32,497 - mmdet - INFO - Epoch [11][50/61]	lr: 5.000e-02, eta: 0:00:41, time: 0.711, data_time: 0.083, memory: 6430, loss_rpn_cls: 0.0415, loss_rpn_bbox: 0.0106, loss_cls: 0.1199, acc: 96.0701, loss_bbox: 0.1342, loss: 0.3062
2025-11-20 18:13:39,649 - mmdet - INFO - Saving checkpoint at 11 epochs
2025-11-20 18:14:10,887 - mmdet - INFO - Evaluating bbox...
2025-11-20 18:14:12,897 - mmdet - INFO - Exp name: faster_RSNA.py
2025-11-20 18:14:12,897 - mmdet - INFO - Epoch(val) [11][61]	bbox_mAP: 0.0500, bbox_mAP_50: 0.2060, bbox_mAP_75: 0.0090, bbox_mAP_s: -1.0000, bbox_mAP_m: 0.0000, bbox_mAP_l: 0.0510, bbox_mAP_copypaste: 0.050 0.206 0.009 -1.000 0.000 0.051
2025-11-20 18:14:48,437 - mmdet - INFO - Epoch [12][50/61]	lr: 5.000e-03, eta: 0:00:06, time: 0.709, data_time: 0.082, memory: 6430, loss_rpn_cls: 0.0428, loss_rpn_bbox: 0.0110, loss_cls: 0.1192, acc: 96.0579, loss_bbox: 0.1350, loss: 0.3080
2025-11-20 18:14:55,631 - mmdet - INFO - Saving checkpoint at 12 epochs
2025-11-20 18:15:26,782 - mmdet - INFO - Evaluating bbox...
2025-11-20 18:15:28,502 - mmdet - INFO - Exp name: faster_RSNA.py
2025-11-20 18:15:28,502 - mmdet - INFO - Epoch(val) [12][61]	bbox_mAP: 0.0520, bbox_mAP_50: 0.2100, bbox_mAP_75: 0.0100, bbox_mAP_s: -1.0000, bbox_mAP_m: 0.0000, bbox_mAP_l: 0.0520, bbox_mAP_copypaste: 0.052 0.210 0.010 -1.000 0.000 0.052
